[2023-06-29 22:09:12,423: INFO/MainProcess] Connected to redis://redis:6379/0
[2023-06-29 22:09:12,435: INFO/MainProcess] mingle: searching for neighbors
[2023-06-29 22:09:13,452: INFO/MainProcess] mingle: all alone
[2023-06-29 22:09:13,497: INFO/MainProcess] celery@131d05311f50 ready.
[2023-06-29 22:09:17,263: INFO/MainProcess] Events of group {task} enabled by remote.
[2023-06-29 22:10:30,627: INFO/MainProcess] Task create_task[0b3aba75-86df-4e37-bae5-b4258e29fdc3] received
[2023-06-29 22:10:30,678: INFO/ForkPoolWorker-3] Task create_task[0b3aba75-86df-4e37-bae5-b4258e29fdc3] succeeded in 0.027082583168521523s: True
[2023-06-29 22:11:03,440: INFO/MainProcess] Task create_task[faad63cb-6ff3-4fac-b7e2-7ff28d35a6bb] received
[2023-06-29 22:11:04,498: INFO/MainProcess] Task create_task[81176093-9e6d-4d83-8e86-2bf4a53c8288] received
[2023-06-29 22:11:05,770: INFO/MainProcess] Task create_task[84cd71b9-5dab-4c23-abdc-fcf64668766d] received
[2023-06-29 22:11:06,070: INFO/MainProcess] Task create_task[9906c21f-27df-4270-a2be-c1a22d241c7b] received
[2023-06-29 22:11:14,017: INFO/MainProcess] Task create_task[f7de0c7e-e61c-48bc-a52f-a3dc3630563d] received
[2023-06-29 22:11:16,160: INFO/ForkPoolWorker-1] Task create_task[9906c21f-27df-4270-a2be-c1a22d241c7b] succeeded in 10.054503962863237s: True
[2023-06-29 22:11:23,498: INFO/ForkPoolWorker-3] Task create_task[faad63cb-6ff3-4fac-b7e2-7ff28d35a6bb] succeeded in 20.017096425173804s: True
[2023-06-29 22:11:25,902: INFO/ForkPoolWorker-4] Task create_task[84cd71b9-5dab-4c23-abdc-fcf64668766d] succeeded in 20.070888134185225s: True
[2023-06-29 22:11:39,646: INFO/ForkPoolWorker-5] Task create_task[81176093-9e6d-4d83-8e86-2bf4a53c8288] succeeded in 35.10750810010359s: True
[2023-06-29 22:11:44,136: INFO/ForkPoolWorker-2] Task create_task[f7de0c7e-e61c-48bc-a52f-a3dc3630563d] succeeded in 30.058647306170315s: True
[2023-06-29 22:16:46,584: INFO/MainProcess] Task create_task[5f147d17-266d-477f-aa8e-31a163e614f2] received
[2023-06-29 22:16:46,694: INFO/ForkPoolWorker-3] Task create_task[5f147d17-266d-477f-aa8e-31a163e614f2] succeeded in 0.02365320804528892s: True
[2023-06-29 22:17:11,465: INFO/MainProcess] Task create_task[0b834801-f049-41fe-80ce-9b47e8d19b83] received
[2023-06-29 22:17:19,849: INFO/MainProcess] Task create_task[23efed0f-88a8-4336-af88-b14c9c2785ed] received
[2023-06-29 22:17:20,205: INFO/MainProcess] Task create_task[902746b5-fc7f-49c7-8177-d1fe6cfc0a0d] received
[2023-06-29 22:17:21,511: INFO/ForkPoolWorker-3] Task create_task[0b834801-f049-41fe-80ce-9b47e8d19b83] succeeded in 10.015964336926118s: True
[2023-06-29 22:17:35,603: INFO/MainProcess] Task create_task[dcd4a283-820f-4f80-9a5f-b0ea0132538b] received
[2023-06-29 22:17:35,722: INFO/ForkPoolWorker-3] Task create_task[dcd4a283-820f-4f80-9a5f-b0ea0132538b] succeeded in 0.009331249864771962s: True
[2023-06-29 22:17:39,958: INFO/ForkPoolWorker-5] Task create_task[23efed0f-88a8-4336-af88-b14c9c2785ed] succeeded in 20.03073601005599s: True
[2023-06-29 22:17:50,324: INFO/ForkPoolWorker-4] Task create_task[902746b5-fc7f-49c7-8177-d1fe6cfc0a0d] succeeded in 30.038724264129996s: True
[2023-06-29 22:28:42,096: INFO/MainProcess] Task create_task[eae75fba-b427-4287-8e98-a9d963cbbe18] received
[2023-06-29 22:28:42,200: INFO/ForkPoolWorker-3] Task create_task[eae75fba-b427-4287-8e98-a9d963cbbe18] succeeded in 0.0522123749833554s: True
[2023-06-29 22:31:07,809: INFO/MainProcess] Task create_task[0102a283-4297-4000-a791-13b6e5fac81c] received
[2023-06-29 22:31:08,408: INFO/MainProcess] Task create_task[c6f25f66-41e2-45d7-aa03-0d4b740a7d3a] received
[2023-06-29 22:31:17,881: INFO/ForkPoolWorker-3] Task create_task[0102a283-4297-4000-a791-13b6e5fac81c] succeeded in 10.013134212000296s: True
[2023-06-29 22:31:24,320: INFO/MainProcess] Task create_task[79f93bdd-475b-4d22-8205-871e6d2c81c9] received
[2023-06-29 22:31:28,565: INFO/ForkPoolWorker-5] Task create_task[c6f25f66-41e2-45d7-aa03-0d4b740a7d3a] succeeded in 20.069873634027317s: True
[2023-06-29 22:31:44,405: INFO/ForkPoolWorker-3] Task create_task[79f93bdd-475b-4d22-8205-871e6d2c81c9] succeeded in 20.021922633983195s: True
